<?xml version="1.0" encoding="UTF-8"?>
<!-- Generated by org.testng.reporters.JUnitReportReporter -->
<testsuite hostname="BLRM-300068692" failures="0" tests="1" name="com.qapitol.automationqa.apitest.SimpleTestForCoverage" time="0.796" errors="0" timestamp="11 Dec 2019 11:06:53 GMT" skipped="0">
  <testcase classname="com.qapitol.automationqa.apitest.SimpleTestForCoverage" name="testGet" time="0.796"/>
</testsuite> <!-- com.qapitol.automationqa.apitest.SimpleTestForCoverage -->
