<?xml version="1.0" encoding="UTF-8"?>
<!-- Generated by org.testng.reporters.JUnitReportReporter -->
<testsuite hostname="BLRM-300068692" failures="0" tests="1" name="com.qapitol.automationqa.apitest.serviceTest.TestService" time="1.189" errors="0" timestamp="13 Dec 2019 06:03:41 GMT" skipped="0">
  <testcase classname="com.qapitol.automationqa.apitest.serviceTest.TestService" name="CheckImage" time="1.189"/>
</testsuite> <!-- com.qapitol.automationqa.apitest.serviceTest.TestService -->
